[debug] [2018-09-16T00:05:37.750Z] ----------------------------------------------------------------------
[debug] [2018-09-16T00:05:37.752Z] Command:       /home/jcgregorio/node/bin/node /home/jcgregorio/node/bin/firebase serve --only hosting --port 8080
[debug] [2018-09-16T00:05:37.753Z] CLI Version:   4.2.1
[debug] [2018-09-16T00:05:37.753Z] Platform:      linux
[debug] [2018-09-16T00:05:37.753Z] Node Version:  v8.12.0
[debug] [2018-09-16T00:05:37.753Z] Time:          Sat Sep 15 2018 20:05:37 GMT-0400 (EDT)
[debug] [2018-09-16T00:05:37.753Z] ----------------------------------------------------------------------
[debug] 
[debug] [2018-09-16T00:05:37.761Z] > command requires scopes: ["email","openid","https://www.googleapis.com/auth/cloudplatformprojects.readonly","https://www.googleapis.com/auth/firebase","https://www.googleapis.com/auth/cloud-platform"]
[debug] [2018-09-16T00:05:37.761Z] > authorizing via signed-in user
[debug] [2018-09-16T00:05:37.763Z] >>> HTTP REQUEST GET https://admin.firebase.com/v1/projects/heroic-muse-88515  
 
[debug] [2018-09-16T00:05:38.084Z] <<< HTTP RESPONSE 200
[debug] [2018-09-16T00:05:38.088Z] >>> HTTP REQUEST GET https://cloudresourcemanager.googleapis.com/v1/projects/heroic-muse-88515  
 
[debug] [2018-09-16T00:05:41.659Z] <<< HTTP RESPONSE 200
[info] 
[info] === Serving from '/home/jcgregorio/projects/myrtle5oib'...
[info] 
[debug] [2018-09-16T00:05:41.662Z] >>> HTTP REQUEST GET https://mobilesdk-pa.googleapis.com/v1/projects/952643138919/clients/_:getWebAppConfig  
 
[debug] [2018-09-16T00:05:41.879Z] <<< HTTP RESPONSE 200
[info] i  hosting[heroic-muse-88515]: Serving hosting files from: public
[info] ✔  hosting[heroic-muse-88515]: Local server: http://localhost:8080
